<?xml version="1.0" encoding="UTF-8"?>
<testsuite name="TestStringAndMapBuilders" tests="1" skipped="0" failures="0" errors="0" timestamp="2020-08-21T19:26:14" hostname="denilson-Lenovo-ideapad-Y700-15ISK" time="0.007">
  <properties/>
  <testcase name="testBuildMap" classname="TestStringAndMapBuilders" time="0.007"/>
  <system-out><![CDATA[]]></system-out>
  <system-err><![CDATA[]]></system-err>
</testsuite>
