<?xml version="1.0" encoding="UTF-8"?>
<testsuite name="Test" tests="2" skipped="0" failures="0" errors="0" timestamp="2020-08-21T14:32:26" hostname="denilson-Lenovo-ideapad-Y700-15ISK" time="0.005">
  <properties/>
  <testcase name="testNegative" classname="Test" time="0.004"/>
  <testcase name="testLargeNumber" classname="Test" time="0.001"/>
  <system-out><![CDATA[]]></system-out>
  <system-err><![CDATA[]]></system-err>
</testsuite>
