<?xml version="1.0" encoding="UTF-8"?>
<testsuite name="TestFlatMap" tests="2" skipped="0" failures="0" errors="0" timestamp="2020-08-21T17:42:07" hostname="denilson-Lenovo-ideapad-Y700-15ISK" time="0.04">
  <properties/>
  <testcase name="testGetOrderedProductsSet" classname="TestFlatMap" time="0.038"/>
  <testcase name="testGetAllOrderedProducts" classname="TestFlatMap" time="0.002"/>
  <system-out><![CDATA[]]></system-out>
  <system-err><![CDATA[]]></system-err>
</testsuite>
