<?xml version="1.0" encoding="UTF-8"?>
<testsuite name="TestRangeTo" tests="3" skipped="0" failures="0" errors="0" timestamp="2020-08-21T15:23:11" hostname="denilson-Lenovo-ideapad-Y700-15ISK" time="0.006">
  <properties/>
  <testcase name="testAfter" classname="TestRangeTo" time="0.005"/>
  <testcase name="testBefore" classname="TestRangeTo" time="0.0"/>
  <testcase name="testInRange" classname="TestRangeTo" time="0.0"/>
  <system-out><![CDATA[]]></system-out>
  <system-err><![CDATA[]]></system-err>
</testsuite>
