<?xml version="1.0" encoding="UTF-8"?>
<testsuite name="TestOperatorsOverloading" tests="3" skipped="0" failures="0" errors="0" timestamp="2020-08-21T15:51:33" hostname="denilson-Lenovo-ideapad-Y700-15ISK" time="0.009">
  <properties/>
  <testcase name="testOneMonth" classname="TestOperatorsOverloading" time="0.006"/>
  <testcase name="testAddOneTimeInterval" classname="TestOperatorsOverloading" time="0.0"/>
  <testcase name="testMonthChange" classname="TestOperatorsOverloading" time="0.001"/>
  <system-out><![CDATA[]]></system-out>
  <system-err><![CDATA[]]></system-err>
</testsuite>
