<?xml version="1.0" encoding="UTF-8"?>
<testsuite name="TestLazyProperty" tests="2" skipped="0" failures="0" errors="0" timestamp="2020-08-21T18:54:04" hostname="denilson-Lenovo-ideapad-Y700-15ISK" time="0.007">
  <properties/>
  <testcase name="testLazy" classname="TestLazyProperty" time="0.006"/>
  <testcase name="initializedOnce" classname="TestLazyProperty" time="0.001"/>
  <system-out><![CDATA[]]></system-out>
  <system-err><![CDATA[]]></system-err>
</testsuite>
