<?xml version="1.0" encoding="UTF-8"?>
<testsuite name="TestExtensionFunctions" tests="2" skipped="0" failures="0" errors="0" timestamp="2020-08-21T15:06:37" hostname="denilson-Lenovo-ideapad-Y700-15ISK" time="0.007">
  <properties/>
  <testcase name="testPairExtension" classname="TestExtensionFunctions" time="0.006"/>
  <testcase name="testIntExtension" classname="TestExtensionFunctions" time="0.001"/>
  <system-out><![CDATA[]]></system-out>
  <system-err><![CDATA[]]></system-err>
</testsuite>
