<?xml version="1.0" encoding="UTF-8"?>
<testsuite name="TestDataClasses" tests="2" skipped="0" failures="0" errors="0" timestamp="2020-08-21T14:44:21" hostname="denilson-Lenovo-ideapad-Y700-15ISK" time="0.019">
  <properties/>
  <testcase name="testComparePeople" classname="TestDataClasses" time="0.005"/>
  <testcase name="testListOfPeople" classname="TestDataClasses" time="0.014"/>
  <system-out><![CDATA[]]></system-out>
  <system-err><![CDATA[]]></system-err>
</testsuite>
