<?xml version="1.0" encoding="UTF-8"?>
<testsuite name="TestProperties" tests="1" skipped="0" failures="0" errors="0" timestamp="2020-08-21T18:44:34" hostname="denilson-Lenovo-ideapad-Y700-15ISK" time="0.004">
  <properties/>
  <testcase name="testPropertyWithCounter" classname="TestProperties" time="0.004"/>
  <system-out><![CDATA[]]></system-out>
  <system-err><![CDATA[]]></system-err>
</testsuite>
