<?xml version="1.0" encoding="UTF-8"?>
<testsuite name="Test" tests="1" skipped="0" failures="0" errors="0" timestamp="2020-08-21T14:14:52" hostname="denilson-Lenovo-ideapad-Y700-15ISK" time="0.035">
  <properties/>
  <testcase name="testSolution" classname="Test" time="0.035"/>
  <system-out><![CDATA[]]></system-out>
  <system-err><![CDATA[]]></system-err>
</testsuite>
