<?xml version="1.0" encoding="UTF-8"?>
<testsuite name="TestSum" tests="2" skipped="0" failures="0" errors="0" timestamp="2020-08-21T17:06:08" hostname="denilson-Lenovo-ideapad-Y700-15ISK" time="0.029">
  <properties/>
  <testcase name="testGetTotalOrderPrice" classname="TestSum" time="0.028"/>
  <testcase name="testGetTotalOrderPrice1" classname="TestSum" time="0.001"/>
  <system-out><![CDATA[]]></system-out>
  <system-err><![CDATA[]]></system-err>
</testsuite>
