<?xml version="1.0" encoding="UTF-8"?>
<testsuite name="TestDelegatesHowItWorks" tests="1" skipped="0" failures="0" errors="0" timestamp="2020-08-21T19:09:28" hostname="denilson-Lenovo-ideapad-Y700-15ISK" time="0.012">
  <properties/>
  <testcase name="testDate" classname="TestDelegatesHowItWorks" time="0.012"/>
  <system-out><![CDATA[]]></system-out>
  <system-err><![CDATA[]]></system-err>
</testsuite>
