<?xml version="1.0" encoding="UTF-8"?>
<testsuite name="TestGroupBy" tests="1" skipped="0" failures="0" errors="0" timestamp="2020-08-21T17:08:46" hostname="denilson-Lenovo-ideapad-Y700-15ISK" time="0.034">
  <properties/>
  <testcase name="testGroupCustomersByCity" classname="TestGroupBy" time="0.034"/>
  <system-out><![CDATA[]]></system-out>
  <system-err><![CDATA[]]></system-err>
</testsuite>
